{"C:\\Projects\\senior-capstone\\brewhops-api\\dist\\components\\actions\\controller.js": {"path":"C:\\Projects\\senior-capstone\\brewhops-api\\dist\\components\\actions\\controller.js","statementMap":{"0":{"start":{"line":2,"column":22},"end":{"line":4,"column":1}},"1":{"start":{"line":3,"column":4},"end":{"line":3,"column":62}},"2":{"start":{"line":5,"column":0},"end":{"line":5,"column":62}},"3":{"start":{"line":6,"column":19},"end":{"line":6,"column":48}},"4":{"start":{"line":7,"column":15},"end":{"line":7,"column":47}},"5":{"start":{"line":8,"column":13},"end":{"line":8,"column":43}},"6":{"start":{"line":18,"column":8},"end":{"line":18,"column":25}},"7":{"start":{"line":26,"column":8},"end":{"line":32,"column":9}},"8":{"start":{"line":27,"column":29},"end":{"line":27,"column":63}},"9":{"start":{"line":28,"column":12},"end":{"line":28,"column":39}},"10":{"start":{"line":31,"column":12},"end":{"line":31,"column":72}},"11":{"start":{"line":41,"column":8},"end":{"line":52,"column":9}},"12":{"start":{"line":42,"column":29},"end":{"line":42,"column":63}},"13":{"start":{"line":43,"column":12},"end":{"line":48,"column":13}},"14":{"start":{"line":44,"column":16},"end":{"line":44,"column":46}},"15":{"start":{"line":47,"column":16},"end":{"line":47,"column":23}},"16":{"start":{"line":51,"column":12},"end":{"line":51,"column":72}},"17":{"start":{"line":60,"column":42},"end":{"line":60,"column":75}},"18":{"start":{"line":61,"column":8},"end":{"line":67,"column":9}},"19":{"start":{"line":62,"column":29},"end":{"line":62,"column":69}},"20":{"start":{"line":63,"column":12},"end":{"line":63,"column":42}},"21":{"start":{"line":66,"column":12},"end":{"line":66,"column":72}},"22":{"start":{"line":76,"column":8},"end":{"line":95,"column":9}},"23":{"start":{"line":77,"column":12},"end":{"line":77,"column":97}},"24":{"start":{"line":80,"column":37},"end":{"line":80,"column":70}},"25":{"start":{"line":81,"column":35},"end":{"line":81,"column":63}},"26":{"start":{"line":82,"column":12},"end":{"line":82,"column":39}},"27":{"start":{"line":83,"column":12},"end":{"line":94,"column":13}},"28":{"start":{"line":84,"column":33},"end":{"line":84,"column":82}},"29":{"start":{"line":85,"column":16},"end":{"line":90,"column":17}},"30":{"start":{"line":86,"column":20},"end":{"line":86,"column":50}},"31":{"start":{"line":89,"column":20},"end":{"line":89,"column":27}},"32":{"start":{"line":93,"column":16},"end":{"line":93,"column":76}},"33":{"start":{"line":104,"column":23},"end":{"line":104,"column":33}},"34":{"start":{"line":105,"column":8},"end":{"line":116,"column":9}},"35":{"start":{"line":106,"column":29},"end":{"line":106,"column":54}},"36":{"start":{"line":107,"column":12},"end":{"line":112,"column":13}},"37":{"start":{"line":108,"column":16},"end":{"line":108,"column":80}},"38":{"start":{"line":111,"column":16},"end":{"line":111,"column":23}},"39":{"start":{"line":115,"column":12},"end":{"line":115,"column":72}},"40":{"start":{"line":119,"column":0},"end":{"line":119,"column":44}}},"fnMap":{"0":{"name":"(anonymous_0)","decl":{"start":{"line":2,"column":56},"end":{"line":2,"column":57}},"loc":{"start":{"line":2,"column":71},"end":{"line":4,"column":1}},"line":2},"1":{"name":"(anonymous_1)","decl":{"start":{"line":17,"column":4},"end":{"line":17,"column":5}},"loc":{"start":{"line":17,"column":27},"end":{"line":19,"column":5}},"line":17},"2":{"name":"(anonymous_2)","decl":{"start":{"line":25,"column":4},"end":{"line":25,"column":5}},"loc":{"start":{"line":25,"column":31},"end":{"line":33,"column":5}},"line":25},"3":{"name":"(anonymous_3)","decl":{"start":{"line":40,"column":4},"end":{"line":40,"column":5}},"loc":{"start":{"line":40,"column":36},"end":{"line":53,"column":5}},"line":40},"4":{"name":"(anonymous_4)","decl":{"start":{"line":59,"column":4},"end":{"line":59,"column":5}},"loc":{"start":{"line":59,"column":33},"end":{"line":68,"column":5}},"line":59},"5":{"name":"(anonymous_5)","decl":{"start":{"line":75,"column":4},"end":{"line":75,"column":5}},"loc":{"start":{"line":75,"column":39},"end":{"line":96,"column":5}},"line":75},"6":{"name":"(anonymous_6)","decl":{"start":{"line":103,"column":4},"end":{"line":103,"column":5}},"loc":{"start":{"line":103,"column":39},"end":{"line":117,"column":5}},"line":103}},"branchMap":{"0":{"loc":{"start":{"line":2,"column":22},"end":{"line":4,"column":1}},"type":"binary-expr","locations":[{"start":{"line":2,"column":23},"end":{"line":2,"column":27}},{"start":{"line":2,"column":31},"end":{"line":2,"column":51}},{"start":{"line":2,"column":56},"end":{"line":4,"column":1}}],"line":2},"1":{"loc":{"start":{"line":3,"column":11},"end":{"line":3,"column":61}},"type":"cond-expr","locations":[{"start":{"line":3,"column":37},"end":{"line":3,"column":40}},{"start":{"line":3,"column":43},"end":{"line":3,"column":61}}],"line":3},"2":{"loc":{"start":{"line":3,"column":12},"end":{"line":3,"column":33}},"type":"binary-expr","locations":[{"start":{"line":3,"column":12},"end":{"line":3,"column":15}},{"start":{"line":3,"column":19},"end":{"line":3,"column":33}}],"line":3},"3":{"loc":{"start":{"line":43,"column":12},"end":{"line":48,"column":13}},"type":"if","locations":[{"start":{"line":43,"column":12},"end":{"line":48,"column":13}},{"start":{"line":43,"column":12},"end":{"line":48,"column":13}}],"line":43},"4":{"loc":{"start":{"line":76,"column":8},"end":{"line":95,"column":9}},"type":"if","locations":[{"start":{"line":76,"column":8},"end":{"line":95,"column":9}},{"start":{"line":76,"column":8},"end":{"line":95,"column":9}}],"line":76},"5":{"loc":{"start":{"line":85,"column":16},"end":{"line":90,"column":17}},"type":"if","locations":[{"start":{"line":85,"column":16},"end":{"line":90,"column":17}},{"start":{"line":85,"column":16},"end":{"line":90,"column":17}}],"line":85},"6":{"loc":{"start":{"line":107,"column":12},"end":{"line":112,"column":13}},"type":"if","locations":[{"start":{"line":107,"column":12},"end":{"line":112,"column":13}},{"start":{"line":107,"column":12},"end":{"line":112,"column":13}}],"line":107}},"s":{"0":1,"1":2,"2":1,"3":1,"4":1,"5":1,"6":1,"7":2,"8":2,"9":1,"10":1,"11":8,"12":8,"13":1,"14":1,"15":0,"16":7,"17":0,"18":0,"19":0,"20":0,"21":0,"22":0,"23":0,"24":0,"25":0,"26":0,"27":0,"28":0,"29":0,"30":0,"31":0,"32":0,"33":0,"34":0,"35":0,"36":0,"37":0,"38":0,"39":0,"40":1},"f":{"0":2,"1":1,"2":2,"3":8,"4":0,"5":0,"6":0},"b":{"0":[1,1,1],"1":[0,2],"2":[2,2],"3":[1,0],"4":[0,0],"5":[0,0],"6":[0,0]},"_coverageSchema":"43e27e138ebf9cfc5966b082cf9a028302ed4184","hash":"d6ecbbac37e46a29dcc892c5e40f2b28288fe963"}
,"C:\\Projects\\senior-capstone\\brewhops-api\\dist\\components\\batches\\controller.js": {"path":"C:\\Projects\\senior-capstone\\brewhops-api\\dist\\components\\batches\\controller.js","statementMap":{"0":{"start":{"line":2,"column":22},"end":{"line":4,"column":1}},"1":{"start":{"line":3,"column":4},"end":{"line":3,"column":62}},"2":{"start":{"line":5,"column":0},"end":{"line":5,"column":62}},"3":{"start":{"line":6,"column":19},"end":{"line":6,"column":48}},"4":{"start":{"line":7,"column":15},"end":{"line":7,"column":47}},"5":{"start":{"line":18,"column":8},"end":{"line":18,"column":25}},"6":{"start":{"line":27,"column":8},"end":{"line":33,"column":9}},"7":{"start":{"line":28,"column":29},"end":{"line":28,"column":63}},"8":{"start":{"line":29,"column":12},"end":{"line":29,"column":39}},"9":{"start":{"line":32,"column":12},"end":{"line":32,"column":72}},"10":{"start":{"line":43,"column":8},"end":{"line":49,"column":9}},"11":{"start":{"line":44,"column":29},"end":{"line":44,"column":86}},"12":{"start":{"line":45,"column":12},"end":{"line":45,"column":39}},"13":{"start":{"line":48,"column":12},"end":{"line":48,"column":72}},"14":{"start":{"line":59,"column":8},"end":{"line":70,"column":9}},"15":{"start":{"line":60,"column":28},"end":{"line":60,"column":62}},"16":{"start":{"line":61,"column":12},"end":{"line":66,"column":13}},"17":{"start":{"line":62,"column":16},"end":{"line":62,"column":54}},"18":{"start":{"line":65,"column":16},"end":{"line":65,"column":23}},"19":{"start":{"line":69,"column":12},"end":{"line":69,"column":72}},"20":{"start":{"line":81,"column":22},"end":{"line":81,"column":30}},"21":{"start":{"line":86,"column":22},"end":{"line":95,"column":9}},"22":{"start":{"line":96,"column":40},"end":{"line":96,"column":70}},"23":{"start":{"line":98,"column":29},"end":{"line":98,"column":64}},"24":{"start":{"line":100,"column":8},"end":{"line":114,"column":9}},"25":{"start":{"line":101,"column":12},"end":{"line":101,"column":34}},"26":{"start":{"line":104,"column":12},"end":{"line":113,"column":13}},"27":{"start":{"line":106,"column":39},"end":{"line":106,"column":73}},"28":{"start":{"line":107,"column":16},"end":{"line":107,"column":44}},"29":{"start":{"line":109,"column":16},"end":{"line":109,"column":66}},"30":{"start":{"line":112,"column":16},"end":{"line":112,"column":69}},"31":{"start":{"line":119,"column":24},"end":{"line":129,"column":9}},"32":{"start":{"line":131,"column":22},"end":{"line":131,"column":54}},"33":{"start":{"line":132,"column":8},"end":{"line":132,"column":26}},"34":{"start":{"line":133,"column":8},"end":{"line":133,"column":30}},"35":{"start":{"line":134,"column":8},"end":{"line":134,"column":32}},"36":{"start":{"line":136,"column":8},"end":{"line":142,"column":9}},"37":{"start":{"line":137,"column":27},"end":{"line":137,"column":86}},"38":{"start":{"line":138,"column":12},"end":{"line":138,"column":34}},"39":{"start":{"line":141,"column":12},"end":{"line":141,"column":65}},"40":{"start":{"line":152,"column":22},"end":{"line":152,"column":30}},"41":{"start":{"line":153,"column":8},"end":{"line":153,"column":52}},"42":{"start":{"line":154,"column":42},"end":{"line":154,"column":75}},"43":{"start":{"line":155,"column":8},"end":{"line":161,"column":9}},"44":{"start":{"line":156,"column":28},"end":{"line":156,"column":68}},"45":{"start":{"line":157,"column":12},"end":{"line":157,"column":50}},"46":{"start":{"line":160,"column":12},"end":{"line":160,"column":72}},"47":{"start":{"line":171,"column":8},"end":{"line":190,"column":9}},"48":{"start":{"line":173,"column":29},"end":{"line":174,"column":46}},"49":{"start":{"line":176,"column":26},"end":{"line":176,"column":62}},"50":{"start":{"line":177,"column":12},"end":{"line":186,"column":13}},"51":{"start":{"line":178,"column":16},"end":{"line":182,"column":19}},"52":{"start":{"line":185,"column":16},"end":{"line":185,"column":23}},"53":{"start":{"line":189,"column":12},"end":{"line":189,"column":72}},"54":{"start":{"line":200,"column":24},"end":{"line":200,"column":37}},"55":{"start":{"line":201,"column":8},"end":{"line":215,"column":9}},"56":{"start":{"line":202,"column":26},"end":{"line":204,"column":13}},"57":{"start":{"line":205,"column":46},"end":{"line":205,"column":76}},"58":{"start":{"line":207,"column":35},"end":{"line":207,"column":69}},"59":{"start":{"line":208,"column":12},"end":{"line":208,"column":33}},"60":{"start":{"line":210,"column":28},"end":{"line":210,"column":77}},"61":{"start":{"line":211,"column":12},"end":{"line":211,"column":34}},"62":{"start":{"line":214,"column":12},"end":{"line":214,"column":72}},"63":{"start":{"line":218,"column":0},"end":{"line":218,"column":46}}},"fnMap":{"0":{"name":"(anonymous_0)","decl":{"start":{"line":2,"column":56},"end":{"line":2,"column":57}},"loc":{"start":{"line":2,"column":71},"end":{"line":4,"column":1}},"line":2},"1":{"name":"(anonymous_1)","decl":{"start":{"line":17,"column":4},"end":{"line":17,"column":5}},"loc":{"start":{"line":17,"column":27},"end":{"line":19,"column":5}},"line":17},"2":{"name":"(anonymous_2)","decl":{"start":{"line":26,"column":4},"end":{"line":26,"column":5}},"loc":{"start":{"line":26,"column":31},"end":{"line":34,"column":5}},"line":26},"3":{"name":"(anonymous_3)","decl":{"start":{"line":42,"column":4},"end":{"line":42,"column":5}},"loc":{"start":{"line":42,"column":43},"end":{"line":50,"column":5}},"line":42},"4":{"name":"(anonymous_4)","decl":{"start":{"line":58,"column":4},"end":{"line":58,"column":5}},"loc":{"start":{"line":58,"column":35},"end":{"line":71,"column":5}},"line":58},"5":{"name":"(anonymous_5)","decl":{"start":{"line":79,"column":4},"end":{"line":79,"column":5}},"loc":{"start":{"line":79,"column":32},"end":{"line":143,"column":5}},"line":79},"6":{"name":"(anonymous_6)","decl":{"start":{"line":151,"column":4},"end":{"line":151,"column":5}},"loc":{"start":{"line":151,"column":38},"end":{"line":162,"column":5}},"line":151},"7":{"name":"(anonymous_7)","decl":{"start":{"line":170,"column":4},"end":{"line":170,"column":5}},"loc":{"start":{"line":170,"column":38},"end":{"line":191,"column":5}},"line":170},"8":{"name":"(anonymous_8)","decl":{"start":{"line":199,"column":4},"end":{"line":199,"column":5}},"loc":{"start":{"line":199,"column":37},"end":{"line":216,"column":5}},"line":199}},"branchMap":{"0":{"loc":{"start":{"line":2,"column":22},"end":{"line":4,"column":1}},"type":"binary-expr","locations":[{"start":{"line":2,"column":23},"end":{"line":2,"column":27}},{"start":{"line":2,"column":31},"end":{"line":2,"column":51}},{"start":{"line":2,"column":56},"end":{"line":4,"column":1}}],"line":2},"1":{"loc":{"start":{"line":3,"column":11},"end":{"line":3,"column":61}},"type":"cond-expr","locations":[{"start":{"line":3,"column":37},"end":{"line":3,"column":40}},{"start":{"line":3,"column":43},"end":{"line":3,"column":61}}],"line":3},"2":{"loc":{"start":{"line":3,"column":12},"end":{"line":3,"column":33}},"type":"binary-expr","locations":[{"start":{"line":3,"column":12},"end":{"line":3,"column":15}},{"start":{"line":3,"column":19},"end":{"line":3,"column":33}}],"line":3},"3":{"loc":{"start":{"line":61,"column":12},"end":{"line":66,"column":13}},"type":"if","locations":[{"start":{"line":61,"column":12},"end":{"line":66,"column":13}},{"start":{"line":61,"column":12},"end":{"line":66,"column":13}}],"line":61},"4":{"loc":{"start":{"line":100,"column":8},"end":{"line":114,"column":9}},"type":"if","locations":[{"start":{"line":100,"column":8},"end":{"line":114,"column":9}},{"start":{"line":100,"column":8},"end":{"line":114,"column":9}}],"line":100},"5":{"loc":{"start":{"line":126,"column":25},"end":{"line":126,"column":89}},"type":"cond-expr","locations":[{"start":{"line":126,"column":45},"end":{"line":126,"column":62}},{"start":{"line":126,"column":65},"end":{"line":126,"column":89}}],"line":126},"6":{"loc":{"start":{"line":177,"column":12},"end":{"line":186,"column":13}},"type":"if","locations":[{"start":{"line":177,"column":12},"end":{"line":186,"column":13}},{"start":{"line":177,"column":12},"end":{"line":186,"column":13}}],"line":177}},"s":{"0":1,"1":1,"2":1,"3":1,"4":1,"5":1,"6":2,"7":2,"8":1,"9":1,"10":2,"11":2,"12":1,"13":1,"14":2,"15":2,"16":1,"17":1,"18":0,"19":1,"20":2,"21":2,"22":2,"23":2,"24":2,"25":0,"26":2,"27":2,"28":2,"29":0,"30":2,"31":2,"32":2,"33":2,"34":2,"35":2,"36":2,"37":2,"38":2,"39":2,"40":2,"41":2,"42":2,"43":2,"44":2,"45":1,"46":2,"47":2,"48":2,"49":2,"50":1,"51":1,"52":0,"53":1,"54":2,"55":2,"56":2,"57":2,"58":2,"59":2,"60":0,"61":0,"62":2,"63":1},"f":{"0":1,"1":1,"2":2,"3":2,"4":2,"5":2,"6":2,"7":2,"8":2},"b":{"0":[1,1,1],"1":[0,1],"2":[1,1],"3":[1,0],"4":[0,2],"5":[0,2],"6":[1,0]},"_coverageSchema":"43e27e138ebf9cfc5966b082cf9a028302ed4184","hash":"b6f2f60442378a9cfc304d52da399de1ac24d1fb"}
,"C:\\Projects\\senior-capstone\\brewhops-api\\dist\\dal\\crud.js": {"path":"C:\\Projects\\senior-capstone\\brewhops-api\\dist\\dal\\crud.js","statementMap":{"0":{"start":{"line":2,"column":0},"end":{"line":2,"column":62}},"1":{"start":{"line":3,"column":13},"end":{"line":3,"column":28}},"2":{"start":{"line":14,"column":8},"end":{"line":14,"column":31}},"3":{"start":{"line":15,"column":8},"end":{"line":15,"column":30}},"4":{"start":{"line":23,"column":8},"end":{"line":23,"column":26}},"5":{"start":{"line":36,"column":8},"end":{"line":36,"column":126}},"6":{"start":{"line":49,"column":8},"end":{"line":49,"column":112}},"7":{"start":{"line":61,"column":8},"end":{"line":61,"column":102}},"8":{"start":{"line":70,"column":8},"end":{"line":70,"column":87}},"9":{"start":{"line":79,"column":8},"end":{"line":79,"column":94}},"10":{"start":{"line":92,"column":8},"end":{"line":92,"column":95}},"11":{"start":{"line":103,"column":8},"end":{"line":103,"column":111}},"12":{"start":{"line":115,"column":8},"end":{"line":115,"column":106}},"13":{"start":{"line":126,"column":8},"end":{"line":126,"column":89}},"14":{"start":{"line":136,"column":8},"end":{"line":136,"column":85}},"15":{"start":{"line":148,"column":8},"end":{"line":148,"column":84}},"16":{"start":{"line":151,"column":0},"end":{"line":151,"column":40}}},"fnMap":{"0":{"name":"(anonymous_0)","decl":{"start":{"line":13,"column":4},"end":{"line":13,"column":5}},"loc":{"start":{"line":13,"column":27},"end":{"line":16,"column":5}},"line":13},"1":{"name":"(anonymous_1)","decl":{"start":{"line":22,"column":4},"end":{"line":22,"column":5}},"loc":{"start":{"line":22,"column":16},"end":{"line":24,"column":5}},"line":22},"2":{"name":"(anonymous_2)","decl":{"start":{"line":35,"column":4},"end":{"line":35,"column":5}},"loc":{"start":{"line":35,"column":62},"end":{"line":37,"column":5}},"line":35},"3":{"name":"(anonymous_3)","decl":{"start":{"line":48,"column":4},"end":{"line":48,"column":5}},"loc":{"start":{"line":48,"column":61},"end":{"line":50,"column":5}},"line":48},"4":{"name":"(anonymous_4)","decl":{"start":{"line":59,"column":4},"end":{"line":59,"column":5}},"loc":{"start":{"line":59,"column":67},"end":{"line":62,"column":5}},"line":59},"5":{"name":"(anonymous_5)","decl":{"start":{"line":69,"column":4},"end":{"line":69,"column":5}},"loc":{"start":{"line":69,"column":28},"end":{"line":71,"column":5}},"line":69},"6":{"name":"(anonymous_6)","decl":{"start":{"line":78,"column":4},"end":{"line":78,"column":5}},"loc":{"start":{"line":78,"column":35},"end":{"line":80,"column":5}},"line":78},"7":{"name":"(anonymous_7)","decl":{"start":{"line":91,"column":4},"end":{"line":91,"column":5}},"loc":{"start":{"line":91,"column":88},"end":{"line":93,"column":5}},"line":91},"8":{"name":"(anonymous_8)","decl":{"start":{"line":102,"column":4},"end":{"line":102,"column":5}},"loc":{"start":{"line":102,"column":47},"end":{"line":104,"column":5}},"line":102},"9":{"name":"(anonymous_9)","decl":{"start":{"line":114,"column":4},"end":{"line":114,"column":5}},"loc":{"start":{"line":114,"column":61},"end":{"line":116,"column":5}},"line":114},"10":{"name":"(anonymous_10)","decl":{"start":{"line":125,"column":4},"end":{"line":125,"column":5}},"loc":{"start":{"line":125,"column":38},"end":{"line":127,"column":5}},"line":125},"11":{"name":"(anonymous_11)","decl":{"start":{"line":135,"column":4},"end":{"line":135,"column":5}},"loc":{"start":{"line":135,"column":30},"end":{"line":137,"column":5}},"line":135},"12":{"name":"(anonymous_12)","decl":{"start":{"line":147,"column":4},"end":{"line":147,"column":5}},"loc":{"start":{"line":147,"column":52},"end":{"line":149,"column":5}},"line":147}},"branchMap":{"0":{"loc":{"start":{"line":35,"column":47},"end":{"line":35,"column":60}},"type":"default-arg","locations":[{"start":{"line":35,"column":57},"end":{"line":35,"column":60}}],"line":35},"1":{"loc":{"start":{"line":59,"column":15},"end":{"line":59,"column":28}},"type":"default-arg","locations":[{"start":{"line":59,"column":25},"end":{"line":59,"column":28}}],"line":59},"2":{"loc":{"start":{"line":59,"column":30},"end":{"line":59,"column":49}},"type":"default-arg","locations":[{"start":{"line":59,"column":43},"end":{"line":59,"column":49}}],"line":59},"3":{"loc":{"start":{"line":59,"column":51},"end":{"line":59,"column":65}},"type":"default-arg","locations":[{"start":{"line":59,"column":61},"end":{"line":59,"column":65}}],"line":59},"4":{"loc":{"start":{"line":91,"column":22},"end":{"line":91,"column":35}},"type":"default-arg","locations":[{"start":{"line":91,"column":32},"end":{"line":91,"column":35}}],"line":91},"5":{"loc":{"start":{"line":91,"column":37},"end":{"line":91,"column":60}},"type":"default-arg","locations":[{"start":{"line":91,"column":45},"end":{"line":91,"column":60}}],"line":91},"6":{"loc":{"start":{"line":91,"column":62},"end":{"line":91,"column":77}},"type":"default-arg","locations":[{"start":{"line":91,"column":75},"end":{"line":91,"column":77}}],"line":91}},"s":{"0":2,"1":2,"2":2,"3":2,"4":0,"5":0,"6":0,"7":0,"8":0,"9":0,"10":0,"11":0,"12":0,"13":0,"14":0,"15":0,"16":2},"f":{"0":2,"1":0,"2":0,"3":0,"4":0,"5":0,"6":0,"7":0,"8":0,"9":0,"10":0,"11":0,"12":0},"b":{"0":[0],"1":[0],"2":[0],"3":[0],"4":[0],"5":[0],"6":[0]},"_coverageSchema":"43e27e138ebf9cfc5966b082cf9a028302ed4184","hash":"32684da7c9ee796e35dc499f3bc8bd8855166c70"}
,"C:\\Projects\\senior-capstone\\brewhops-api\\dist\\dal\\db.js": {"path":"C:\\Projects\\senior-capstone\\brewhops-api\\dist\\dal\\db.js","statementMap":{"0":{"start":{"line":2,"column":0},"end":{"line":2,"column":62}},"1":{"start":{"line":3,"column":13},"end":{"line":3,"column":26}},"2":{"start":{"line":4,"column":13},"end":{"line":8,"column":1}},"3":{"start":{"line":9,"column":0},"end":{"line":11,"column":1}},"4":{"start":{"line":10,"column":4},"end":{"line":10,"column":219}},"5":{"start":{"line":13,"column":0},"end":{"line":15,"column":1}},"6":{"start":{"line":14,"column":4},"end":{"line":14,"column":55}},"7":{"start":{"line":16,"column":0},"end":{"line":16,"column":37}}},"fnMap":{},"branchMap":{"0":{"loc":{"start":{"line":9,"column":0},"end":{"line":11,"column":1}},"type":"if","locations":[{"start":{"line":9,"column":0},"end":{"line":11,"column":1}},{"start":{"line":9,"column":0},"end":{"line":11,"column":1}}],"line":9},"1":{"loc":{"start":{"line":13,"column":0},"end":{"line":15,"column":1}},"type":"if","locations":[{"start":{"line":13,"column":0},"end":{"line":15,"column":1}},{"start":{"line":13,"column":0},"end":{"line":15,"column":1}}],"line":13}},"s":{"0":2,"1":2,"2":2,"3":2,"4":2,"5":2,"6":0,"7":2},"f":{},"b":{"0":[2,0],"1":[0,2]},"_coverageSchema":"43e27e138ebf9cfc5966b082cf9a028302ed4184","hash":"537629992ce9ef4c569a360a7dd12d74b9fe15e2"}
,"C:\\Projects\\senior-capstone\\brewhops-api\\dist\\dal\\postgres.js": {"path":"C:\\Projects\\senior-capstone\\brewhops-api\\dist\\dal\\postgres.js","statementMap":{"0":{"start":{"line":2,"column":0},"end":{"line":2,"column":62}},"1":{"start":{"line":3,"column":15},"end":{"line":3,"column":32}},"2":{"start":{"line":12,"column":8},"end":{"line":12,"column":24}},"3":{"start":{"line":14,"column":8},"end":{"line":14,"column":22}},"4":{"start":{"line":24,"column":21},"end":{"line":24,"column":23}},"5":{"start":{"line":25,"column":23},"end":{"line":25,"column":25}},"6":{"start":{"line":26,"column":24},"end":{"line":26,"column":26}},"7":{"start":{"line":27,"column":18},"end":{"line":27,"column":19}},"8":{"start":{"line":29,"column":8},"end":{"line":37,"column":9}},"9":{"start":{"line":31,"column":12},"end":{"line":36,"column":13}},"10":{"start":{"line":32,"column":16},"end":{"line":32,"column":42}},"11":{"start":{"line":33,"column":16},"end":{"line":33,"column":49}},"12":{"start":{"line":34,"column":16},"end":{"line":34,"column":41}},"13":{"start":{"line":35,"column":16},"end":{"line":35,"column":22}},"14":{"start":{"line":38,"column":8},"end":{"line":42,"column":10}},"15":{"start":{"line":53,"column":8},"end":{"line":53,"column":35}},"16":{"start":{"line":63,"column":20},"end":{"line":63,"column":22}},"17":{"start":{"line":64,"column":18},"end":{"line":64,"column":19}},"18":{"start":{"line":65,"column":8},"end":{"line":68,"column":9}},"19":{"start":{"line":66,"column":12},"end":{"line":66,"column":43}},"20":{"start":{"line":67,"column":12},"end":{"line":67,"column":18}},"21":{"start":{"line":69,"column":8},"end":{"line":69,"column":53}},"22":{"start":{"line":70,"column":8},"end":{"line":73,"column":10}},"23":{"start":{"line":76,"column":0},"end":{"line":76,"column":48}}},"fnMap":{"0":{"name":"(anonymous_0)","decl":{"start":{"line":11,"column":4},"end":{"line":11,"column":5}},"loc":{"start":{"line":11,"column":26},"end":{"line":15,"column":5}},"line":11},"1":{"name":"(anonymous_1)","decl":{"start":{"line":23,"column":4},"end":{"line":23,"column":5}},"loc":{"start":{"line":23,"column":28},"end":{"line":43,"column":5}},"line":23},"2":{"name":"(anonymous_2)","decl":{"start":{"line":52,"column":4},"end":{"line":52,"column":5}},"loc":{"start":{"line":52,"column":31},"end":{"line":54,"column":5}},"line":52},"3":{"name":"(anonymous_3)","decl":{"start":{"line":62,"column":4},"end":{"line":62,"column":5}},"loc":{"start":{"line":62,"column":28},"end":{"line":74,"column":5}},"line":62}},"branchMap":{"0":{"loc":{"start":{"line":31,"column":12},"end":{"line":36,"column":13}},"type":"if","locations":[{"start":{"line":31,"column":12},"end":{"line":36,"column":13}},{"start":{"line":31,"column":12},"end":{"line":36,"column":13}}],"line":31},"1":{"loc":{"start":{"line":31,"column":16},"end":{"line":31,"column":59}},"type":"binary-expr","locations":[{"start":{"line":31,"column":16},"end":{"line":31,"column":33}},{"start":{"line":31,"column":37},"end":{"line":31,"column":59}}],"line":31}},"s":{"0":2,"1":2,"2":2,"3":2,"4":0,"5":0,"6":0,"7":0,"8":0,"9":0,"10":0,"11":0,"12":0,"13":0,"14":0,"15":0,"16":0,"17":0,"18":0,"19":0,"20":0,"21":0,"22":0,"23":2},"f":{"0":2,"1":0,"2":0,"3":0},"b":{"0":[0,0],"1":[0,0]},"_coverageSchema":"43e27e138ebf9cfc5966b082cf9a028302ed4184","hash":"ac34bd1fb8891d076c6b8275fdab542f522538aa"}
,"C:\\Projects\\senior-capstone\\brewhops-api\\src\\components\\actions\\controller.ts": {"path":"C:\\Projects\\senior-capstone\\brewhops-api\\src\\components\\actions\\controller.ts","statementMap":{"0":{"start":{"line":1,"column":0},"end":{"line":1,"column":77}},"1":{"start":{"line":3,"column":0},"end":{"line":3,"column":24}},"2":{"start":{"line":4,"column":0},"end":{"line":4,"column":20}},"3":{"start":{"line":25,"column":4},"end":{"line":25,"column":21}},"4":{"start":{"line":35,"column":23},"end":{"line":35,"column":57}},"5":{"start":{"line":36,"column":6},"end":{"line":36,"column":33}},"6":{"start":{"line":38,"column":6},"end":{"line":38,"column":56}},"7":{"start":{"line":50,"column":23},"end":{"line":50,"column":57}},"8":{"start":{"line":52,"column":8},"end":{"line":52,"column":38}},"9":{"start":{"line":54,"column":8},"end":{"line":54,"column":15}},"10":{"start":{"line":57,"column":6},"end":{"line":57,"column":56}},"11":{"start":{"line":67,"column":38},"end":{"line":67,"column":71}},"12":{"start":{"line":69,"column":23},"end":{"line":69,"column":63}},"13":{"start":{"line":70,"column":6},"end":{"line":70,"column":36}},"14":{"start":{"line":72,"column":6},"end":{"line":72,"column":56}},"15":{"start":{"line":84,"column":6},"end":{"line":84,"column":81}},"16":{"start":{"line":86,"column":31},"end":{"line":86,"column":64}},"17":{"start":{"line":87,"column":29},"end":{"line":87,"column":57}},"18":{"start":{"line":88,"column":6},"end":{"line":88,"column":33}},"19":{"start":{"line":91,"column":25},"end":{"line":91,"column":74}},"20":{"start":{"line":93,"column":10},"end":{"line":93,"column":40}},"21":{"start":{"line":95,"column":10},"end":{"line":95,"column":17}},"22":{"start":{"line":98,"column":8},"end":{"line":98,"column":58}},"23":{"start":{"line":110,"column":17},"end":{"line":110,"column":27}},"24":{"start":{"line":112,"column":23},"end":{"line":112,"column":48}},"25":{"start":{"line":114,"column":8},"end":{"line":114,"column":72}},"26":{"start":{"line":116,"column":8},"end":{"line":116,"column":15}},"27":{"start":{"line":119,"column":6},"end":{"line":119,"column":56}},"28":{"start":{"line":23,"column":0},"end":{"line":23,"column":13}}},"fnMap":{"0":{"name":"(anonymous_1)","decl":{"start":{"line":24,"column":2},"end":{"line":24,"column":14}},"loc":{"start":{"line":24,"column":31},"end":{"line":26,"column":3}}},"1":{"name":"(anonymous_2)","decl":{"start":{"line":33,"column":2},"end":{"line":33,"column":7}},"loc":{"start":{"line":33,"column":46},"end":{"line":40,"column":3}}},"2":{"name":"(anonymous_3)","decl":{"start":{"line":48,"column":2},"end":{"line":48,"column":7}},"loc":{"start":{"line":48,"column":65},"end":{"line":59,"column":3}}},"3":{"name":"(anonymous_4)","decl":{"start":{"line":66,"column":2},"end":{"line":66,"column":7}},"loc":{"start":{"line":66,"column":48},"end":{"line":74,"column":3}}},"4":{"name":"(anonymous_5)","decl":{"start":{"line":82,"column":2},"end":{"line":82,"column":7}},"loc":{"start":{"line":82,"column":68},"end":{"line":101,"column":3}}},"5":{"name":"(anonymous_6)","decl":{"start":{"line":109,"column":2},"end":{"line":109,"column":7}},"loc":{"start":{"line":109,"column":68},"end":{"line":121,"column":3}}}},"branchMap":{},"s":{"0":1,"1":1,"2":1,"3":1,"4":2,"5":1,"6":1,"7":8,"8":1,"9":0,"10":7,"11":0,"12":0,"13":0,"14":0,"15":0,"16":0,"17":0,"18":0,"19":0,"20":0,"21":0,"22":0,"23":0,"24":0,"25":0,"26":0,"27":0,"28":1},"f":{"0":1,"1":2,"2":8,"3":0,"4":0,"5":0},"b":{}}
,"C:\\Projects\\senior-capstone\\brewhops-api\\src\\components\\batches\\controller.ts": {"path":"C:\\Projects\\senior-capstone\\brewhops-api\\src\\components\\batches\\controller.ts","statementMap":{"0":{"start":{"line":1,"column":0},"end":{"line":1,"column":77}},"1":{"start":{"line":3,"column":0},"end":{"line":3,"column":24}},"2":{"start":{"line":26,"column":4},"end":{"line":26,"column":21}},"3":{"start":{"line":37,"column":23},"end":{"line":37,"column":57}},"4":{"start":{"line":38,"column":6},"end":{"line":38,"column":33}},"5":{"start":{"line":40,"column":6},"end":{"line":40,"column":56}},"6":{"start":{"line":53,"column":23},"end":{"line":53,"column":80}},"7":{"start":{"line":54,"column":6},"end":{"line":54,"column":33}},"8":{"start":{"line":56,"column":6},"end":{"line":56,"column":56}},"9":{"start":{"line":69,"column":22},"end":{"line":69,"column":56}},"10":{"start":{"line":71,"column":8},"end":{"line":71,"column":46}},"11":{"start":{"line":73,"column":8},"end":{"line":73,"column":15}},"12":{"start":{"line":76,"column":6},"end":{"line":76,"column":56}},"13":{"start":{"line":89,"column":18},"end":{"line":89,"column":26}},"14":{"start":{"line":106,"column":36},"end":{"line":106,"column":66}},"15":{"start":{"line":109,"column":25},"end":{"line":109,"column":60}},"16":{"start":{"line":113,"column":6},"end":{"line":113,"column":28}},"17":{"start":{"line":117,"column":31},"end":{"line":117,"column":65}},"18":{"start":{"line":118,"column":8},"end":{"line":118,"column":36}},"19":{"start":{"line":120,"column":8},"end":{"line":120,"column":58}},"20":{"start":{"line":122,"column":8},"end":{"line":122,"column":51}},"21":{"start":{"line":144,"column":18},"end":{"line":144,"column":50}},"22":{"start":{"line":145,"column":4},"end":{"line":145,"column":22}},"23":{"start":{"line":146,"column":4},"end":{"line":146,"column":26}},"24":{"start":{"line":147,"column":4},"end":{"line":147,"column":28}},"25":{"start":{"line":151,"column":21},"end":{"line":151,"column":80}},"26":{"start":{"line":153,"column":6},"end":{"line":153,"column":28}},"27":{"start":{"line":155,"column":6},"end":{"line":155,"column":49}},"28":{"start":{"line":168,"column":25},"end":{"line":168,"column":33}},"29":{"start":{"line":169,"column":4},"end":{"line":169,"column":49}},"30":{"start":{"line":170,"column":38},"end":{"line":170,"column":71}},"31":{"start":{"line":172,"column":22},"end":{"line":172,"column":62}},"32":{"start":{"line":173,"column":6},"end":{"line":173,"column":44}},"33":{"start":{"line":175,"column":6},"end":{"line":175,"column":56}},"34":{"start":{"line":189,"column":23},"end":{"line":192,"column":null}},"35":{"start":{"line":196,"column":20},"end":{"line":196,"column":56}},"36":{"start":{"line":199,"column":8},"end":{"line":203,"column":11}},"37":{"start":{"line":205,"column":8},"end":{"line":205,"column":15}},"38":{"start":{"line":208,"column":6},"end":{"line":208,"column":56}},"39":{"start":{"line":220,"column":20},"end":{"line":220,"column":33}},"40":{"start":{"line":227,"column":40},"end":{"line":227,"column":70}},"41":{"start":{"line":229,"column":29},"end":{"line":229,"column":63}},"42":{"start":{"line":230,"column":6},"end":{"line":230,"column":27}},"43":{"start":{"line":233,"column":22},"end":{"line":233,"column":71}},"44":{"start":{"line":235,"column":6},"end":{"line":235,"column":28}},"45":{"start":{"line":237,"column":6},"end":{"line":237,"column":56}},"46":{"start":{"line":24,"column":0},"end":{"line":24,"column":13}}},"fnMap":{"0":{"name":"(anonymous_1)","decl":{"start":{"line":25,"column":2},"end":{"line":25,"column":14}},"loc":{"start":{"line":25,"column":31},"end":{"line":27,"column":3}}},"1":{"name":"(anonymous_2)","decl":{"start":{"line":35,"column":2},"end":{"line":35,"column":7}},"loc":{"start":{"line":35,"column":46},"end":{"line":42,"column":3}}},"2":{"name":"(anonymous_3)","decl":{"start":{"line":51,"column":2},"end":{"line":51,"column":7}},"loc":{"start":{"line":51,"column":72},"end":{"line":58,"column":3}}},"3":{"name":"(anonymous_4)","decl":{"start":{"line":67,"column":2},"end":{"line":67,"column":7}},"loc":{"start":{"line":67,"column":64},"end":{"line":78,"column":3}}},"4":{"name":"(anonymous_5)","decl":{"start":{"line":87,"column":2},"end":{"line":87,"column":7}},"loc":{"start":{"line":87,"column":47},"end":{"line":158,"column":3}}},"5":{"name":"(anonymous_6)","decl":{"start":{"line":167,"column":2},"end":{"line":167,"column":7}},"loc":{"start":{"line":167,"column":67},"end":{"line":177,"column":3}}},"6":{"name":"(anonymous_7)","decl":{"start":{"line":186,"column":2},"end":{"line":186,"column":7}},"loc":{"start":{"line":186,"column":67},"end":{"line":210,"column":3}}},"7":{"name":"(anonymous_8)","decl":{"start":{"line":219,"column":2},"end":{"line":219,"column":7}},"loc":{"start":{"line":219,"column":66},"end":{"line":239,"column":3}}}},"branchMap":{"0":{"loc":{"start":{"line":138,"column":39},"end":{"line":138,"column":56}},"type":"cond-expr","locations":[{"start":{"line":138,"column":39},"end":{"line":138,"column":56}},{"start":{"line":138,"column":59},"end":{"line":138,"column":83}}]}},"s":{"0":1,"1":1,"2":1,"3":2,"4":1,"5":1,"6":2,"7":1,"8":1,"9":2,"10":1,"11":0,"12":1,"13":2,"14":2,"15":2,"16":0,"17":2,"18":2,"19":0,"20":2,"21":2,"22":2,"23":2,"24":2,"25":2,"26":2,"27":2,"28":2,"29":2,"30":2,"31":2,"32":1,"33":2,"34":2,"35":2,"36":1,"37":0,"38":1,"39":2,"40":2,"41":2,"42":2,"43":0,"44":0,"45":2,"46":1},"f":{"0":1,"1":2,"2":2,"3":2,"4":2,"5":2,"6":2,"7":2},"b":{"0":[0,2]}}
,"C:\\Projects\\senior-capstone\\brewhops-api\\src\\dal\\crud.ts": {"path":"C:\\Projects\\senior-capstone\\brewhops-api\\src\\dal\\crud.ts","statementMap":{"0":{"start":{"line":2,"column":0},"end":{"line":2,"column":28}},"1":{"start":{"line":46,"column":4},"end":{"line":46,"column":27}},"2":{"start":{"line":47,"column":4},"end":{"line":47,"column":21}},"3":{"start":{"line":56,"column":4},"end":{"line":56,"column":22}},"4":{"start":{"line":70,"column":4},"end":{"line":73,"column":6}},"5":{"start":{"line":92,"column":4},"end":{"line":92,"column":108}},"6":{"start":{"line":109,"column":4},"end":{"line":109,"column":98}},"7":{"start":{"line":119,"column":4},"end":{"line":122,"column":6}},"8":{"start":{"line":132,"column":4},"end":{"line":132,"column":90}},"9":{"start":{"line":151,"column":4},"end":{"line":151,"column":91}},"10":{"start":{"line":163,"column":4},"end":{"line":166,"column":6}},"11":{"start":{"line":179,"column":4},"end":{"line":182,"column":6}},"12":{"start":{"line":194,"column":4},"end":{"line":194,"column":85}},"13":{"start":{"line":205,"column":4},"end":{"line":205,"column":81}},"14":{"start":{"line":218,"column":4},"end":{"line":218,"column":80}},"15":{"start":{"line":41,"column":0},"end":{"line":41,"column":13}}},"fnMap":{"0":{"name":"(anonymous_0)","decl":{"start":{"line":45,"column":2},"end":{"line":45,"column":14}},"loc":{"start":{"line":45,"column":31},"end":{"line":48,"column":3}}},"1":{"name":"(anonymous_1)","decl":{"start":{"line":55,"column":9},"end":{"line":55,"column":18}},"loc":{"start":{"line":55,"column":18},"end":{"line":57,"column":3}}},"2":{"name":"(anonymous_2)","decl":{"start":{"line":69,"column":2},"end":{"line":69,"column":7}},"loc":{"start":{"line":69,"column":75},"end":{"line":74,"column":3}}},"3":{"name":"(anonymous_3)","decl":{"start":{"line":86,"column":2},"end":{"line":86,"column":7}},"loc":{"start":{"line":90,"column":18},"end":{"line":93,"column":3}}},"4":{"name":"(anonymous_4)","decl":{"start":{"line":103,"column":2},"end":{"line":103,"column":7}},"loc":{"start":{"line":106,"column":25},"end":{"line":110,"column":3}}},"5":{"name":"(anonymous_5)","decl":{"start":{"line":118,"column":2},"end":{"line":118,"column":7}},"loc":{"start":{"line":118,"column":29},"end":{"line":123,"column":3}}},"6":{"name":"(anonymous_6)","decl":{"start":{"line":131,"column":2},"end":{"line":131,"column":7}},"loc":{"start":{"line":131,"column":39},"end":{"line":133,"column":3}}},"7":{"name":"(anonymous_7)","decl":{"start":{"line":145,"column":2},"end":{"line":145,"column":7}},"loc":{"start":{"line":149,"column":18},"end":{"line":152,"column":3}}},"8":{"name":"(anonymous_8)","decl":{"start":{"line":162,"column":2},"end":{"line":162,"column":7}},"loc":{"start":{"line":162,"column":60},"end":{"line":167,"column":3}}},"9":{"name":"(anonymous_9)","decl":{"start":{"line":178,"column":2},"end":{"line":178,"column":7}},"loc":{"start":{"line":178,"column":79},"end":{"line":183,"column":3}}},"10":{"name":"(anonymous_10)","decl":{"start":{"line":193,"column":2},"end":{"line":193,"column":7}},"loc":{"start":{"line":193,"column":46},"end":{"line":195,"column":3}}},"11":{"name":"(anonymous_11)","decl":{"start":{"line":204,"column":2},"end":{"line":204,"column":7}},"loc":{"start":{"line":204,"column":33},"end":{"line":206,"column":3}}},"12":{"name":"(anonymous_12)","decl":{"start":{"line":217,"column":2},"end":{"line":217,"column":7}},"loc":{"start":{"line":217,"column":65},"end":{"line":219,"column":3}}}},"branchMap":{"0":{"loc":{"start":{"line":69,"column":72},"end":{"line":69,"column":75}},"type":"default-arg","locations":[{"start":{"line":69,"column":72},"end":{"line":69,"column":75}}]},"1":{"loc":{"start":{"line":104,"column":22},"end":{"line":104,"column":25}},"type":"default-arg","locations":[{"start":{"line":104,"column":22},"end":{"line":104,"column":25}}]},"2":{"loc":{"start":{"line":105,"column":25},"end":{"line":105,"column":31}},"type":"default-arg","locations":[{"start":{"line":105,"column":25},"end":{"line":105,"column":31}}]},"3":{"loc":{"start":{"line":106,"column":21},"end":{"line":106,"column":25}},"type":"default-arg","locations":[{"start":{"line":106,"column":21},"end":{"line":106,"column":25}}]},"4":{"loc":{"start":{"line":146,"column":19},"end":{"line":146,"column":22}},"type":"default-arg","locations":[{"start":{"line":146,"column":19},"end":{"line":146,"column":22}}]},"5":{"loc":{"start":{"line":147,"column":17},"end":{"line":147,"column":32}},"type":"default-arg","locations":[{"start":{"line":147,"column":17},"end":{"line":147,"column":32}}]},"6":{"loc":{"start":{"line":148,"column":22},"end":{"line":148,"column":24}},"type":"default-arg","locations":[{"start":{"line":148,"column":22},"end":{"line":148,"column":24}}]}},"s":{"0":2,"1":2,"2":2,"3":0,"4":0,"5":0,"6":0,"7":0,"8":0,"9":0,"10":0,"11":0,"12":0,"13":0,"14":0,"15":2},"f":{"0":2,"1":0,"2":0,"3":0,"4":0,"5":0,"6":0,"7":0,"8":0,"9":0,"10":0,"11":0,"12":0},"b":{"0":[0],"1":[0],"2":[0],"3":[0],"4":[0],"5":[0],"6":[0]}}
,"C:\\Projects\\senior-capstone\\brewhops-api\\src\\dal\\db.ts": {"path":"C:\\Projects\\senior-capstone\\brewhops-api\\src\\dal\\db.ts","statementMap":{"0":{"start":{"line":1,"column":0},"end":{"line":1,"column":38}},"1":{"start":{"line":10,"column":4},"end":{"line":17,"column":6}},"2":{"start":{"line":22,"column":4},"end":{"line":22,"column":55}},"3":{"start":{"line":25,"column":13},"end":{"line":25,"column":37}}},"fnMap":{},"branchMap":{},"s":{"0":2,"1":2,"2":0,"3":2},"f":{},"b":{}}
,"C:\\Projects\\senior-capstone\\brewhops-api\\src\\dal\\postgres.ts": {"path":"C:\\Projects\\senior-capstone\\brewhops-api\\src\\dal\\postgres.ts","statementMap":{"0":{"start":{"line":1,"column":0},"end":{"line":1,"column":57}},"1":{"start":{"line":26,"column":4},"end":{"line":26,"column":20}},"2":{"start":{"line":28,"column":4},"end":{"line":28,"column":18}},"3":{"start":{"line":39,"column":17},"end":{"line":39,"column":19}},"4":{"start":{"line":40,"column":19},"end":{"line":40,"column":21}},"5":{"start":{"line":41,"column":20},"end":{"line":41,"column":22}},"6":{"start":{"line":42,"column":14},"end":{"line":42,"column":15}},"7":{"start":{"line":48,"column":8},"end":{"line":48,"column":34}},"8":{"start":{"line":49,"column":8},"end":{"line":49,"column":41}},"9":{"start":{"line":50,"column":8},"end":{"line":50,"column":33}},"10":{"start":{"line":51,"column":8},"end":{"line":51,"column":14}},"11":{"start":{"line":55,"column":4},"end":{"line":59,"column":6}},"12":{"start":{"line":71,"column":4},"end":{"line":71,"column":31}},"13":{"start":{"line":82,"column":16},"end":{"line":82,"column":18}},"14":{"start":{"line":83,"column":14},"end":{"line":83,"column":15}},"15":{"start":{"line":85,"column":6},"end":{"line":85,"column":37}},"16":{"start":{"line":86,"column":6},"end":{"line":86,"column":12}},"17":{"start":{"line":89,"column":4},"end":{"line":89,"column":49}},"18":{"start":{"line":91,"column":4},"end":{"line":94,"column":6}},"19":{"start":{"line":22,"column":0},"end":{"line":22,"column":13}}},"fnMap":{"0":{"name":"(anonymous_0)","decl":{"start":{"line":25,"column":2},"end":{"line":25,"column":14}},"loc":{"start":{"line":25,"column":30},"end":{"line":29,"column":3}}},"1":{"name":"(anonymous_1)","decl":{"start":{"line":38,"column":2},"end":{"line":38,"column":20}},"loc":{"start":{"line":38,"column":50},"end":{"line":60,"column":3}}},"2":{"name":"(anonymous_2)","decl":{"start":{"line":70,"column":2},"end":{"line":70,"column":16}},"loc":{"start":{"line":70,"column":43},"end":{"line":72,"column":3}}},"3":{"name":"(anonymous_3)","decl":{"start":{"line":81,"column":2},"end":{"line":81,"column":19}},"loc":{"start":{"line":81,"column":34},"end":{"line":95,"column":3}}}},"branchMap":{"0":{"loc":{"start":{"line":47,"column":10},"end":{"line":47,"column":27}},"type":"binary-expr","locations":[{"start":{"line":47,"column":10},"end":{"line":47,"column":27}},{"start":{"line":47,"column":31},"end":{"line":47,"column":53}}]}},"s":{"0":2,"1":2,"2":2,"3":0,"4":0,"5":0,"6":0,"7":0,"8":0,"9":0,"10":0,"11":0,"12":0,"13":0,"14":0,"15":0,"16":0,"17":0,"18":0,"19":2},"f":{"0":2,"1":0,"2":0,"3":0},"b":{"0":[0,0]}}
}
