TN:
SF:C:\Projects\senior-capstone\brewhops-api\dist\components\actions\controller.js
FN:2,(anonymous_0)
FN:17,(anonymous_1)
FN:25,(anonymous_2)
FN:40,(anonymous_3)
FN:59,(anonymous_4)
FN:75,(anonymous_5)
FN:103,(anonymous_6)
FNF:7
FNH:4
FNDA:2,(anonymous_0)
FNDA:1,(anonymous_1)
FNDA:2,(anonymous_2)
FNDA:8,(anonymous_3)
FNDA:0,(anonymous_4)
FNDA:0,(anonymous_5)
FNDA:0,(anonymous_6)
DA:2,1
DA:3,2
DA:5,1
DA:6,1
DA:7,1
DA:8,1
DA:18,1
DA:26,2
DA:27,2
DA:28,1
DA:31,1
DA:41,8
DA:42,8
DA:43,1
DA:44,1
DA:47,0
DA:51,7
DA:60,0
DA:61,0
DA:62,0
DA:63,0
DA:66,0
DA:76,0
DA:77,0
DA:80,0
DA:81,0
DA:82,0
DA:83,0
DA:84,0
DA:85,0
DA:86,0
DA:89,0
DA:93,0
DA:104,0
DA:105,0
DA:106,0
DA:107,0
DA:108,0
DA:111,0
DA:115,0
DA:119,1
LF:41
LH:17
BRDA:2,0,0,1
BRDA:2,0,1,1
BRDA:2,0,2,1
BRDA:3,1,0,0
BRDA:3,1,1,2
BRDA:3,2,0,2
BRDA:3,2,1,2
BRDA:43,3,0,1
BRDA:43,3,1,0
BRDA:76,4,0,0
BRDA:76,4,1,0
BRDA:85,5,0,0
BRDA:85,5,1,0
BRDA:107,6,0,0
BRDA:107,6,1,0
BRF:15
BRH:7
end_of_record
TN:
SF:C:\Projects\senior-capstone\brewhops-api\dist\components\batches\controller.js
FN:2,(anonymous_0)
FN:17,(anonymous_1)
FN:26,(anonymous_2)
FN:42,(anonymous_3)
FN:58,(anonymous_4)
FN:79,(anonymous_5)
FN:151,(anonymous_6)
FN:170,(anonymous_7)
FN:199,(anonymous_8)
FNF:9
FNH:9
FNDA:1,(anonymous_0)
FNDA:1,(anonymous_1)
FNDA:2,(anonymous_2)
FNDA:2,(anonymous_3)
FNDA:2,(anonymous_4)
FNDA:2,(anonymous_5)
FNDA:2,(anonymous_6)
FNDA:2,(anonymous_7)
FNDA:2,(anonymous_8)
DA:2,1
DA:3,1
DA:5,1
DA:6,1
DA:7,1
DA:18,1
DA:27,2
DA:28,2
DA:29,1
DA:32,1
DA:43,2
DA:44,2
DA:45,1
DA:48,1
DA:59,2
DA:60,2
DA:61,1
DA:62,1
DA:65,0
DA:69,1
DA:81,2
DA:86,2
DA:96,2
DA:98,2
DA:100,2
DA:101,0
DA:104,2
DA:106,2
DA:107,2
DA:109,0
DA:112,2
DA:119,2
DA:131,2
DA:132,2
DA:133,2
DA:134,2
DA:136,2
DA:137,2
DA:138,2
DA:141,2
DA:152,2
DA:153,2
DA:154,2
DA:155,2
DA:156,2
DA:157,1
DA:160,2
DA:171,2
DA:173,2
DA:176,2
DA:177,1
DA:178,1
DA:185,0
DA:189,1
DA:200,2
DA:201,2
DA:202,2
DA:205,2
DA:207,2
DA:208,2
DA:210,0
DA:211,0
DA:214,2
DA:218,1
LF:64
LH:58
BRDA:2,0,0,1
BRDA:2,0,1,1
BRDA:2,0,2,1
BRDA:3,1,0,0
BRDA:3,1,1,1
BRDA:3,2,0,1
BRDA:3,2,1,1
BRDA:61,3,0,1
BRDA:61,3,1,0
BRDA:100,4,0,0
BRDA:100,4,1,2
BRDA:126,5,0,0
BRDA:126,5,1,2
BRDA:177,6,0,1
BRDA:177,6,1,0
BRF:15
BRH:10
end_of_record
TN:
SF:C:\Projects\senior-capstone\brewhops-api\dist\dal\crud.js
FN:13,(anonymous_0)
FN:22,(anonymous_1)
FN:35,(anonymous_2)
FN:48,(anonymous_3)
FN:59,(anonymous_4)
FN:69,(anonymous_5)
FN:78,(anonymous_6)
FN:91,(anonymous_7)
FN:102,(anonymous_8)
FN:114,(anonymous_9)
FN:125,(anonymous_10)
FN:135,(anonymous_11)
FN:147,(anonymous_12)
FNF:13
FNH:1
FNDA:2,(anonymous_0)
FNDA:0,(anonymous_1)
FNDA:0,(anonymous_2)
FNDA:0,(anonymous_3)
FNDA:0,(anonymous_4)
FNDA:0,(anonymous_5)
FNDA:0,(anonymous_6)
FNDA:0,(anonymous_7)
FNDA:0,(anonymous_8)
FNDA:0,(anonymous_9)
FNDA:0,(anonymous_10)
FNDA:0,(anonymous_11)
FNDA:0,(anonymous_12)
DA:2,2
DA:3,2
DA:14,2
DA:15,2
DA:23,0
DA:36,0
DA:49,0
DA:61,0
DA:70,0
DA:79,0
DA:92,0
DA:103,0
DA:115,0
DA:126,0
DA:136,0
DA:148,0
DA:151,2
LF:17
LH:5
BRDA:35,0,0,0
BRDA:59,1,0,0
BRDA:59,2,0,0
BRDA:59,3,0,0
BRDA:91,4,0,0
BRDA:91,5,0,0
BRDA:91,6,0,0
BRF:7
BRH:0
end_of_record
TN:
SF:C:\Projects\senior-capstone\brewhops-api\dist\dal\db.js
FNF:0
FNH:0
DA:2,2
DA:3,2
DA:4,2
DA:9,2
DA:10,2
DA:13,2
DA:14,0
DA:16,2
LF:8
LH:7
BRDA:9,0,0,2
BRDA:9,0,1,0
BRDA:13,1,0,0
BRDA:13,1,1,2
BRF:4
BRH:2
end_of_record
TN:
SF:C:\Projects\senior-capstone\brewhops-api\dist\dal\postgres.js
FN:11,(anonymous_0)
FN:23,(anonymous_1)
FN:52,(anonymous_2)
FN:62,(anonymous_3)
FNF:4
FNH:1
FNDA:2,(anonymous_0)
FNDA:0,(anonymous_1)
FNDA:0,(anonymous_2)
FNDA:0,(anonymous_3)
DA:2,2
DA:3,2
DA:12,2
DA:14,2
DA:24,0
DA:25,0
DA:26,0
DA:27,0
DA:29,0
DA:31,0
DA:32,0
DA:33,0
DA:34,0
DA:35,0
DA:38,0
DA:53,0
DA:63,0
DA:64,0
DA:65,0
DA:66,0
DA:67,0
DA:69,0
DA:70,0
DA:76,2
LF:24
LH:5
BRDA:31,0,0,0
BRDA:31,0,1,0
BRDA:31,1,0,0
BRDA:31,1,1,0
BRF:4
BRH:0
end_of_record
TN:
SF:C:\Projects\senior-capstone\brewhops-api\src\components\actions\controller.ts
FN:24,(anonymous_1)
FN:33,(anonymous_2)
FN:48,(anonymous_3)
FN:66,(anonymous_4)
FN:82,(anonymous_5)
FN:109,(anonymous_6)
FNF:6
FNH:3
FNDA:1,(anonymous_1)
FNDA:2,(anonymous_2)
FNDA:8,(anonymous_3)
FNDA:0,(anonymous_4)
FNDA:0,(anonymous_5)
FNDA:0,(anonymous_6)
DA:1,1
DA:3,1
DA:4,1
DA:23,1
DA:25,1
DA:35,2
DA:36,1
DA:38,1
DA:50,8
DA:52,1
DA:54,0
DA:57,7
DA:67,0
DA:69,0
DA:70,0
DA:72,0
DA:84,0
DA:86,0
DA:87,0
DA:88,0
DA:91,0
DA:93,0
DA:95,0
DA:98,0
DA:110,0
DA:112,0
DA:114,0
DA:116,0
DA:119,0
LF:29
LH:11
BRF:0
BRH:0
end_of_record
TN:
SF:C:\Projects\senior-capstone\brewhops-api\src\components\batches\controller.ts
FN:25,(anonymous_1)
FN:35,(anonymous_2)
FN:51,(anonymous_3)
FN:67,(anonymous_4)
FN:87,(anonymous_5)
FN:167,(anonymous_6)
FN:186,(anonymous_7)
FN:219,(anonymous_8)
FNF:8
FNH:8
FNDA:1,(anonymous_1)
FNDA:2,(anonymous_2)
FNDA:2,(anonymous_3)
FNDA:2,(anonymous_4)
FNDA:2,(anonymous_5)
FNDA:2,(anonymous_6)
FNDA:2,(anonymous_7)
FNDA:2,(anonymous_8)
DA:1,1
DA:3,1
DA:24,1
DA:26,1
DA:37,2
DA:38,1
DA:40,1
DA:53,2
DA:54,1
DA:56,1
DA:69,2
DA:71,1
DA:73,0
DA:76,1
DA:89,2
DA:106,2
DA:109,2
DA:113,0
DA:117,2
DA:118,2
DA:120,0
DA:122,2
DA:144,2
DA:145,2
DA:146,2
DA:147,2
DA:151,2
DA:153,2
DA:155,2
DA:168,2
DA:169,2
DA:170,2
DA:172,2
DA:173,1
DA:175,2
DA:189,2
DA:196,2
DA:199,1
DA:205,0
DA:208,1
DA:220,2
DA:227,2
DA:229,2
DA:230,2
DA:233,0
DA:235,0
DA:237,2
LF:47
LH:41
BRDA:138,0,0,0
BRDA:138,0,1,2
BRF:2
BRH:1
end_of_record
TN:
SF:C:\Projects\senior-capstone\brewhops-api\src\dal\crud.ts
FN:45,(anonymous_0)
FN:55,(anonymous_1)
FN:69,(anonymous_2)
FN:86,(anonymous_3)
FN:103,(anonymous_4)
FN:118,(anonymous_5)
FN:131,(anonymous_6)
FN:145,(anonymous_7)
FN:162,(anonymous_8)
FN:178,(anonymous_9)
FN:193,(anonymous_10)
FN:204,(anonymous_11)
FN:217,(anonymous_12)
FNF:13
FNH:1
FNDA:2,(anonymous_0)
FNDA:0,(anonymous_1)
FNDA:0,(anonymous_2)
FNDA:0,(anonymous_3)
FNDA:0,(anonymous_4)
FNDA:0,(anonymous_5)
FNDA:0,(anonymous_6)
FNDA:0,(anonymous_7)
FNDA:0,(anonymous_8)
FNDA:0,(anonymous_9)
FNDA:0,(anonymous_10)
FNDA:0,(anonymous_11)
FNDA:0,(anonymous_12)
DA:2,2
DA:41,2
DA:46,2
DA:47,2
DA:56,0
DA:70,0
DA:92,0
DA:109,0
DA:119,0
DA:132,0
DA:151,0
DA:163,0
DA:179,0
DA:194,0
DA:205,0
DA:218,0
LF:16
LH:4
BRDA:69,0,0,0
BRDA:104,1,0,0
BRDA:105,2,0,0
BRDA:106,3,0,0
BRDA:146,4,0,0
BRDA:147,5,0,0
BRDA:148,6,0,0
BRF:7
BRH:0
end_of_record
TN:
SF:C:\Projects\senior-capstone\brewhops-api\src\dal\db.ts
FNF:0
FNH:0
DA:1,2
DA:10,2
DA:22,0
DA:25,2
LF:4
LH:3
BRF:0
BRH:0
end_of_record
TN:
SF:C:\Projects\senior-capstone\brewhops-api\src\dal\postgres.ts
FN:25,(anonymous_0)
FN:38,(anonymous_1)
FN:70,(anonymous_2)
FN:81,(anonymous_3)
FNF:4
FNH:1
FNDA:2,(anonymous_0)
FNDA:0,(anonymous_1)
FNDA:0,(anonymous_2)
FNDA:0,(anonymous_3)
DA:1,2
DA:22,2
DA:26,2
DA:28,2
DA:39,0
DA:40,0
DA:41,0
DA:42,0
DA:48,0
DA:49,0
DA:50,0
DA:51,0
DA:55,0
DA:71,0
DA:82,0
DA:83,0
DA:85,0
DA:86,0
DA:89,0
DA:91,0
LF:20
LH:4
BRDA:47,0,0,0
BRDA:47,0,1,0
BRF:2
BRH:0
end_of_record
