TN:
SF:C:\Projects\senior-capstone\brewhops-api\dist\components\actions\controller.js
FN:2,(anonymous_0)
FN:17,(anonymous_1)
FN:25,(anonymous_2)
FN:40,(anonymous_3)
FN:59,(anonymous_4)
FN:75,(anonymous_5)
FN:103,(anonymous_6)
FNF:7
FNH:4
FNDA:2,(anonymous_0)
FNDA:1,(anonymous_1)
FNDA:2,(anonymous_2)
FNDA:8,(anonymous_3)
FNDA:0,(anonymous_4)
FNDA:0,(anonymous_5)
FNDA:0,(anonymous_6)
DA:2,1
DA:3,2
DA:5,1
DA:6,1
DA:7,1
DA:8,1
DA:18,1
DA:26,2
DA:27,2
DA:28,1
DA:31,1
DA:41,8
DA:42,8
DA:43,1
DA:44,1
DA:47,0
DA:51,7
DA:60,0
DA:61,0
DA:62,0
DA:63,0
DA:66,0
DA:76,0
DA:77,0
DA:80,0
DA:81,0
DA:82,0
DA:83,0
DA:84,0
DA:85,0
DA:86,0
DA:89,0
DA:93,0
DA:104,0
DA:105,0
DA:106,0
DA:107,0
DA:108,0
DA:111,0
DA:115,0
DA:119,1
LF:41
LH:17
BRDA:2,0,0,1
BRDA:2,0,1,1
BRDA:2,0,2,1
BRDA:3,1,0,0
BRDA:3,1,1,2
BRDA:3,2,0,2
BRDA:3,2,1,2
BRDA:43,3,0,1
BRDA:43,3,1,0
BRDA:76,4,0,0
BRDA:76,4,1,0
BRDA:85,5,0,0
BRDA:85,5,1,0
BRDA:107,6,0,0
BRDA:107,6,1,0
BRF:15
BRH:7
end_of_record
TN:
SF:C:\Projects\senior-capstone\brewhops-api\dist\dal\crud.js
FN:13,(anonymous_0)
FN:22,(anonymous_1)
FN:35,(anonymous_2)
FN:48,(anonymous_3)
FN:59,(anonymous_4)
FN:69,(anonymous_5)
FN:78,(anonymous_6)
FN:91,(anonymous_7)
FN:102,(anonymous_8)
FN:114,(anonymous_9)
FN:125,(anonymous_10)
FN:135,(anonymous_11)
FN:147,(anonymous_12)
FNF:13
FNH:1
FNDA:1,(anonymous_0)
FNDA:0,(anonymous_1)
FNDA:0,(anonymous_2)
FNDA:0,(anonymous_3)
FNDA:0,(anonymous_4)
FNDA:0,(anonymous_5)
FNDA:0,(anonymous_6)
FNDA:0,(anonymous_7)
FNDA:0,(anonymous_8)
FNDA:0,(anonymous_9)
FNDA:0,(anonymous_10)
FNDA:0,(anonymous_11)
FNDA:0,(anonymous_12)
DA:2,1
DA:3,1
DA:14,1
DA:15,1
DA:23,0
DA:36,0
DA:49,0
DA:61,0
DA:70,0
DA:79,0
DA:92,0
DA:103,0
DA:115,0
DA:126,0
DA:136,0
DA:148,0
DA:151,1
LF:17
LH:5
BRDA:35,0,0,0
BRDA:59,1,0,0
BRDA:59,2,0,0
BRDA:59,3,0,0
BRDA:91,4,0,0
BRDA:91,5,0,0
BRDA:91,6,0,0
BRF:7
BRH:0
end_of_record
TN:
SF:C:\Projects\senior-capstone\brewhops-api\dist\dal\db.js
FNF:0
FNH:0
DA:2,1
DA:3,1
DA:4,1
DA:9,1
DA:10,1
DA:13,1
DA:14,0
DA:16,1
LF:8
LH:7
BRDA:9,0,0,1
BRDA:9,0,1,0
BRDA:13,1,0,0
BRDA:13,1,1,1
BRF:4
BRH:2
end_of_record
TN:
SF:C:\Projects\senior-capstone\brewhops-api\dist\dal\postgres.js
FN:11,(anonymous_0)
FN:23,(anonymous_1)
FN:52,(anonymous_2)
FN:62,(anonymous_3)
FNF:4
FNH:1
FNDA:1,(anonymous_0)
FNDA:0,(anonymous_1)
FNDA:0,(anonymous_2)
FNDA:0,(anonymous_3)
DA:2,1
DA:3,1
DA:12,1
DA:14,1
DA:24,0
DA:25,0
DA:26,0
DA:27,0
DA:29,0
DA:31,0
DA:32,0
DA:33,0
DA:34,0
DA:35,0
DA:38,0
DA:53,0
DA:63,0
DA:64,0
DA:65,0
DA:66,0
DA:67,0
DA:69,0
DA:70,0
DA:76,1
LF:24
LH:5
BRDA:31,0,0,0
BRDA:31,0,1,0
BRDA:31,1,0,0
BRDA:31,1,1,0
BRF:4
BRH:0
end_of_record
TN:
SF:C:\Projects\senior-capstone\brewhops-api\src\components\actions\controller.ts
FN:24,(anonymous_1)
FN:33,(anonymous_2)
FN:48,(anonymous_3)
FN:66,(anonymous_4)
FN:82,(anonymous_5)
FN:109,(anonymous_6)
FNF:6
FNH:3
FNDA:1,(anonymous_1)
FNDA:2,(anonymous_2)
FNDA:8,(anonymous_3)
FNDA:0,(anonymous_4)
FNDA:0,(anonymous_5)
FNDA:0,(anonymous_6)
DA:1,1
DA:3,1
DA:4,1
DA:23,1
DA:25,1
DA:35,2
DA:36,1
DA:38,1
DA:50,8
DA:52,1
DA:54,0
DA:57,7
DA:67,0
DA:69,0
DA:70,0
DA:72,0
DA:84,0
DA:86,0
DA:87,0
DA:88,0
DA:91,0
DA:93,0
DA:95,0
DA:98,0
DA:110,0
DA:112,0
DA:114,0
DA:116,0
DA:119,0
LF:29
LH:11
BRF:0
BRH:0
end_of_record
TN:
SF:C:\Projects\senior-capstone\brewhops-api\src\dal\crud.ts
FN:44,(anonymous_0)
FN:54,(anonymous_1)
FN:68,(anonymous_2)
FN:85,(anonymous_3)
FN:102,(anonymous_4)
FN:117,(anonymous_5)
FN:130,(anonymous_6)
FN:144,(anonymous_7)
FN:161,(anonymous_8)
FN:177,(anonymous_9)
FN:192,(anonymous_10)
FN:203,(anonymous_11)
FN:216,(anonymous_12)
FNF:13
FNH:1
FNDA:1,(anonymous_0)
FNDA:0,(anonymous_1)
FNDA:0,(anonymous_2)
FNDA:0,(anonymous_3)
FNDA:0,(anonymous_4)
FNDA:0,(anonymous_5)
FNDA:0,(anonymous_6)
FNDA:0,(anonymous_7)
FNDA:0,(anonymous_8)
FNDA:0,(anonymous_9)
FNDA:0,(anonymous_10)
FNDA:0,(anonymous_11)
FNDA:0,(anonymous_12)
DA:2,1
DA:40,1
DA:45,1
DA:46,1
DA:55,0
DA:69,0
DA:91,0
DA:108,0
DA:118,0
DA:131,0
DA:150,0
DA:162,0
DA:178,0
DA:193,0
DA:204,0
DA:217,0
LF:16
LH:4
BRDA:68,0,0,0
BRDA:103,1,0,0
BRDA:104,2,0,0
BRDA:105,3,0,0
BRDA:145,4,0,0
BRDA:146,5,0,0
BRDA:147,6,0,0
BRF:7
BRH:0
end_of_record
TN:
SF:C:\Projects\senior-capstone\brewhops-api\src\dal\db.ts
FNF:0
FNH:0
DA:1,1
DA:10,1
DA:22,0
DA:25,1
LF:4
LH:3
BRF:0
BRH:0
end_of_record
TN:
SF:C:\Projects\senior-capstone\brewhops-api\src\dal\postgres.ts
FN:25,(anonymous_0)
FN:38,(anonymous_1)
FN:70,(anonymous_2)
FN:81,(anonymous_3)
FNF:4
FNH:1
FNDA:1,(anonymous_0)
FNDA:0,(anonymous_1)
FNDA:0,(anonymous_2)
FNDA:0,(anonymous_3)
DA:1,1
DA:22,1
DA:26,1
DA:28,1
DA:39,0
DA:40,0
DA:41,0
DA:42,0
DA:48,0
DA:49,0
DA:50,0
DA:51,0
DA:55,0
DA:71,0
DA:82,0
DA:83,0
DA:85,0
DA:86,0
DA:89,0
DA:91,0
LF:20
LH:4
BRDA:47,0,0,0
BRDA:47,0,1,0
BRF:2
BRH:0
end_of_record
